Using pre-set license
Built from '2020.3/staging' branch; Version is '2020.3.11f1 (99c7afb366b3) revision 10078127'; Using compiler version '192528614'; Build Type 'Release'
OS: 'Windows 10 Pro; OS build 19044.1415; Version 2009; 64bit' Language: 'es' Physical Memory: 16333 MB
BatchMode: 1, IsHumanControllingUs: 0, StartBugReporterOnCrash: 0, Is64bit: 1, IsPro: 0

 COMMAND LINE ARGUMENTS:
C:\Program Files\Unity\Hub\Editor\2020.3.11f1\Editor\Unity.exe
-adb2
-batchMode
-noUpm
-name
AssetImportWorker0
-projectPath
C:/Users/David/Documents/GitHub/Junior-Programmer-Project
-logFile
Logs/AssetImportWorker0.log
-srvPort
59826
Successfully changed project path to: C:/Users/David/Documents/GitHub/Junior-Programmer-Project
C:/Users/David/Documents/GitHub/Junior-Programmer-Project
Using Asset Import Pipeline V2.
Refreshing native plugins compatible for Editor in 64.84 ms, found 2 plugins.
Preloading 0 native plugins for Editor in 0.00 ms.
Initialize engine version: 2020.3.11f1 (99c7afb366b3)
[Subsystems] Discovering subsystems at path C:/Program Files/Unity/Hub/Editor/2020.3.11f1/Editor/Data/Resources/UnitySubsystems
[Subsystems] Discovering subsystems at path C:/Users/David/Documents/GitHub/Junior-Programmer-Project/Assets
GfxDevice: creating device client; threaded=0
Direct3D:
    Version:  Direct3D 11.0 [level 11.1]
    Renderer: NVIDIA GeForce GTX 1660 SUPER (ID=0x21c4)
    Vendor:   
    VRAM:     5991 MB
    Driver:   30.0.14.9709
Shader 'Universal Render Pipeline/Particles/Lit': fallback shader 'Universal Render Pipeline/Particles/SimpleLit' not found
Initialize mono
Mono path[0] = 'C:/Program Files/Unity/Hub/Editor/2020.3.11f1/Editor/Data/Managed'
Mono path[1] = 'C:/Program Files/Unity/Hub/Editor/2020.3.11f1/Editor/Data/MonoBleedingEdge/lib/mono/unityjit'
Mono config path = 'C:/Program Files/Unity/Hub/Editor/2020.3.11f1/Editor/Data/MonoBleedingEdge/etc'
Using monoOptions --debugger-agent=transport=dt_socket,embedding=1,server=y,suspend=n,address=127.0.0.1:56860
Begin MonoManager ReloadAssembly
Registering precompiled unity dll's ...
Register platform support module: C:/Program Files/Unity/Hub/Editor/2020.3.11f1/Editor/Data/PlaybackEngines/WebGLSupport/UnityEditor.WebGL.Extensions.dll
Register platform support module: C:/Program Files/Unity/Hub/Editor/2020.3.11f1/Editor/Data/PlaybackEngines/WindowsStandaloneSupport/UnityEditor.WindowsStandalone.Extensions.dll
Registered in 0.004360 seconds.
Native extension for WindowsStandalone target not found
Native extension for WebGL target not found
Refreshing native plugins compatible for Editor in 54.13 ms, found 2 plugins.
Preloading 0 native plugins for Editor in 0.00 ms.
Mono: successfully reloaded assembly
- Completed reload, in  1.522 seconds
Platform modules already initialized, skipping
Registering precompiled user dll's ...
Registered in 0.007397 seconds.
Begin MonoManager ReloadAssembly
Native extension for WindowsStandalone target not found
Native extension for WebGL target not found
Refreshing native plugins compatible for Editor in 57.39 ms, found 2 plugins.
Preloading 0 native plugins for Editor in 0.00 ms.
Mono: successfully reloaded assembly
- Completed reload, in  1.336 seconds
Platform modules already initialized, skipping
========================================================================
Worker process is ready to serve import requests
Shader 'Universal Render Pipeline/Particles/Lit': fallback shader 'Universal Render Pipeline/Particles/SimpleLit' not found
Launched and connected shader compiler UnityShaderCompiler.exe after 0.06 seconds
Refreshing native plugins compatible for Editor in 1.00 ms, found 2 plugins.
Preloading 0 native plugins for Editor in 0.00 ms.
Unloading 2739 Unused Serialized files (Serialized files now loaded: 0)
System memory in use before: 123.6 MB.
System memory in use after: 123.7 MB.

Unloading 19 unused Assets to reduce memory usage. Loaded Objects now: 3175.
Total: 3.590500 ms (FindLiveObjects: 0.404500 ms CreateObjectMapping: 0.093600 ms MarkObjects: 2.985200 ms  DeleteObjects: 0.106000 ms)

========================================================================
Received Import Request.
  path: Assets/Animations/CharacterAnimatorController.controller
  artifactKey: Guid(6ddc2dbc741535f40ac3d385f69a638f) Importer(815301076,1909f56bfc062723c751e8b465ee728b)
Start importing Assets/Animations/CharacterAnimatorController.controller using Guid(6ddc2dbc741535f40ac3d385f69a638f) Importer(815301076,1909f56bfc062723c751e8b465ee728b)  -> (artifact id: 'd93caf716ab38f6751d43bd894b3ba3d') in 0.051453 seconds
  Import took 0.057163 seconds .

========================================================================
Received Import Request.
  Time since last request: 0.000233 seconds.
  path: Assets/Animations/Randy@Walk.fbx
  artifactKey: Guid(93b27a9ee1d3bfd43a9fdf8ff9fcd50d) Importer(815301076,1909f56bfc062723c751e8b465ee728b)
Start importing Assets/Animations/Randy@Walk.fbx using Guid(93b27a9ee1d3bfd43a9fdf8ff9fcd50d) Importer(815301076,1909f56bfc062723c751e8b465ee728b)  -> (artifact id: '25d3aa9e989cdceff2f5c0530324641a') in 0.485176 seconds
  Import took 0.490065 seconds .

========================================================================
Received Import Request.
  Time since last request: 0.000216 seconds.
  path: Assets/Animations/Randy@Idle.fbx
  artifactKey: Guid(8b273f7ab566d7440832e28f84f81e45) Importer(815301076,1909f56bfc062723c751e8b465ee728b)
Start importing Assets/Animations/Randy@Idle.fbx using Guid(8b273f7ab566d7440832e28f84f81e45) Importer(815301076,1909f56bfc062723c751e8b465ee728b)  -> (artifact id: 'f4db93a36815f4873f31843e3a7c7f91') in 0.030478 seconds
  Import took 0.034641 seconds .

========================================================================
Received Import Request.
  Time since last request: 0.000203 seconds.
  path: Assets/Animations
  artifactKey: Guid(d9b0f79780407e64187f2d51de36904d) Importer(815301076,1909f56bfc062723c751e8b465ee728b)
Start importing Assets/Animations using Guid(d9b0f79780407e64187f2d51de36904d) Importer(815301076,1909f56bfc062723c751e8b465ee728b)  -> (artifact id: '8181f35b9a25c7fb4ad45805ba0fc240') in 0.007251 seconds
  Import took 0.011033 seconds .

AssetImportWorkerClient::OnTransportError - code=2 error=End of file
